<?xml version="1.0" encoding="UTF-8"?>
<!-- Generated by org.testng.reporters.JUnitXMLReporter -->
<testsuite ignored="5" hostname="Ashok" failures="0" tests="1" name="Default test" time="0.498" errors="0" timestamp="2022-05-16T11:45:03 IST">
  <testcase classname="practiseDBT.PractiseSQLQueries" name="getColumnName" time="0.04"/>
  <testcase classname="practiseDBT.PractiseSQLQueries" name="getColumnCount" time="0.0">
    <ignored/>
  </testcase> <!-- getColumnCount -->
  <testcase classname="practiseDBT.PractiseSQLQueries" name="insertQuery" time="0.0">
    <ignored/>
  </testcase> <!-- insertQuery -->
  <testcase classname="practiseDBT.PractiseSQLQueries" name="deleteQuery" time="0.0">
    <ignored/>
  </testcase> <!-- deleteQuery -->
  <testcase classname="practiseDBT.PractiseSQLQueries" name="printallData" time="0.0">
    <ignored/>
  </testcase> <!-- printallData -->
  <testcase classname="practiseDBT.PractiseSQLQueries" name="updateQuery" time="0.0">
    <ignored/>
  </testcase> <!-- updateQuery -->
</testsuite> <!-- Default test -->
