<?xml version="1.0" encoding="UTF-8"?>
<testng-results ignored="5" total="6" passed="1" failed="0" skipped="0">
  <reporter-output>
  </reporter-output>
  <suite started-at="2022-05-16T11:45:02 IST" name="Default suite" finished-at="2022-05-16T11:45:03 IST" duration-ms="498">
    <groups>
    </groups>
    <test started-at="2022-05-16T11:45:02 IST" name="Default test" finished-at="2022-05-16T11:45:03 IST" duration-ms="498">
      <class name="practiseDBT.PractiseSQLQueries">
        <test-method is-config="true" signature="setup()[pri:0, instance:practiseDBT.PractiseSQLQueries@6f46426d]" started-at="2022-05-16T11:45:02 IST" name="setup" finished-at="2022-05-16T11:45:03 IST" duration-ms="431" status="PASS">
          <reporter-output>
          </reporter-output>
        </test-method> <!-- setup -->
        <test-method signature="getColumnName()[pri:0, instance:practiseDBT.PractiseSQLQueries@6f46426d]" started-at="2022-05-16T11:45:03 IST" name="getColumnName" finished-at="2022-05-16T11:45:03 IST" duration-ms="40" status="PASS">
          <reporter-output>
          </reporter-output>
        </test-method> <!-- getColumnName -->
        <test-method is-config="true" signature="tearDown()[pri:0, instance:practiseDBT.PractiseSQLQueries@6f46426d]" started-at="2022-05-16T11:45:03 IST" name="tearDown" finished-at="2022-05-16T11:45:03 IST" duration-ms="3" status="PASS">
          <reporter-output>
          </reporter-output>
        </test-method> <!-- tearDown -->
      </class> <!-- practiseDBT.PractiseSQLQueries -->
    </test> <!-- Default test -->
  </suite> <!-- Default suite -->
</testng-results>
